<?xml version="1.0" encoding="UTF-8"?>
<testng-results ignored="0" total="1" passed="1" failed="0" skipped="0">
  <reporter-output>
  </reporter-output>
  <suite started-at="2022-10-28T15:57:13 IST" name="Default suite" finished-at="2022-10-28T15:57:44 IST" duration-ms="30357">
    <groups>
    </groups>
    <test started-at="2022-10-28T15:57:13 IST" name="Default test" finished-at="2022-10-28T15:57:44 IST" duration-ms="30357">
      <class name="com.qa.testscripts.TC_GoogleSearch">
        <test-method signature="SearchGoogle()[pri:0, instance:com.qa.testscripts.TC_GoogleSearch@49912c99]" started-at="2022-10-28T15:57:13 IST" name="SearchGoogle" finished-at="2022-10-28T15:57:44 IST" duration-ms="30331" status="PASS">
          <reporter-output>
          </reporter-output>
        </test-method> <!-- SearchGoogle -->
      </class> <!-- com.qa.testscripts.TC_GoogleSearch -->
    </test> <!-- Default test -->
  </suite> <!-- Default suite -->
</testng-results>
